<?xml version="1.0" encoding="utf-8" standalone="no"?>
<!--This file represents the results of running a test suite-->
<test-results name="C:\Users\david.espley\Documents\Visual Studio 2010\Projects\BrownBagXML\XmlPartyReaderTests\bin\Debug\XmlPartyReaderTests.dll" total="0" errors="0" failures="0" not-run="0" inconclusive="0" ignored="0" skipped="0" invalid="0" date="2012-11-06" time="13:22:20">
  <environment nunit-version="2.5.10.11092" clr-version="4.0.30319.17929" os-version="Microsoft Windows NT 6.1.7601 Service Pack 1" platform="Win32NT" cwd="c:\Program Files (x86)\Microsoft Visual Studio 10.0\Common7\IDE" machine-name="L02603" user="David.Espley" user-domain="TTLIVE" />
  <culture-info current-culture="en-GB" current-uiculture="en-US" />
  <test-suite type="Assembly" name="C:\Users\david.espley\Documents\Visual Studio 2010\Projects\BrownBagXML\XmlPartyReaderTests\bin\Debug\XmlPartyReaderTests.dll" executed="True" result="Inconclusive" success="False" time="0.006" asserts="0" />
</test-results>